-0.333 -0.733 1.066 0.200 0.975 -0.001
-0.333 -0.733 1.066 0.200 0.975 -0.000
-0.333 -0.733 1.067 0.200 0.975 -0.000
-0.310 -0.673 0.984 0.185 0.901 -0.152
-0.304 -0.666 0.970 0.182 0.887 -0.182
-0.303 -0.667 0.970 0.182 0.887 -0.181
-0.303 -0.666 0.970 0.182 0.886 -0.181
-0.303 -0.667 0.970 0.182 0.887 -0.182
-0.303 -0.667 0.969 0.182 0.886 -0.182
-0.265 -0.629 0.894 0.182 0.886 -0.182
-0.243 -0.606 0.849 0.181 0.886 -0.181
-0.243 -0.606 0.849 0.181 0.886 -0.181
-0.243 -0.606 0.849 0.181 0.886 -0.181
-0.244 -0.603 0.847 0.178 0.886 -0.177
-0.235 -0.575 0.810 0.158 0.887 -0.158
-0.215 -0.542 0.757 0.146 0.886 -0.145
-0.224 -0.514 0.737 0.147 0.871 -0.147
-0.244 -0.488 0.731 0.155 0.848 -0.155
-0.258 -0.461 0.719 0.157 0.831 -0.157
-0.261 -0.440 0.701 0.156 0.822 -0.156
-0.249 -0.417 0.666 0.156 0.817 -0.156
-0.234 -0.401 0.635 0.157 0.816 -0.158
-0.223 -0.391 0.614 0.160 0.815 -0.160
-0.222 -0.389 0.612 0.167 0.813 -0.166
-0.222 -0.389 0.611 0.167 0.813 -0.166
-0.222 -0.389 0.611 0.167 0.812 -0.167
-0.211 -0.378 0.589 0.167 0.813 -0.167
-0.200 -0.367 0.567 0.167 0.813 -0.166
-0.190 -0.357 0.547 0.167 0.812 -0.167
-0.181 -0.347 0.528 0.167 0.812 -0.167
-0.172 -0.339 0.511 0.166 0.813 -0.166
-0.168 -0.334 0.502 0.164 0.813 -0.164
-0.164 -0.330 0.494 0.158 0.812 -0.158
-0.156 -0.323 0.479 0.153 0.813 -0.153
-0.149 -0.316 0.465 0.149 0.812 -0.149
-0.144 -0.309 0.452 0.144 0.805 -0.144
-0.140 -0.300 0.440 0.140 0.782 -0.140
-0.140 -0.300 0.439 0.142 0.779 -0.143
-0.140 -0.300 0.440 0.145 0.777 -0.145
-0.138 -0.293 0.431 0.142 0.760 -0.142
-0.133 -0.288 0.420 0.142 0.755 -0.141
-0.128 -0.282 0.410 0.142 0.755 -0.142
-0.123 -0.278 0.400 0.142 0.755 -0.142
-0.118 -0.273 0.391 0.142 0.755 -0.143
-0.114 -0.269 0.382 0.143 0.754 -0.143
-0.109 -0.264 0.374 0.143 0.754 -0.143
-0.105 -0.260 0.366 0.143 0.754 -0.143
-0.102 -0.256 0.358 0.144 0.754 -0.144
-0.098 -0.253 0.350 0.144 0.754 -0.144
-0.096 -0.250 0.347 0.140 0.750 -0.140
