-0.280 -1.135 0.389 0.367 0.795 -0.207
-0.202 -0.982 0.422 0.285 0.769 -0.228
-0.152 -0.864 0.427 0.231 0.742 -0.238
-0.117 -0.770 0.416 0.192 0.715 -0.243
-0.093 -0.691 0.397 0.163 0.687 -0.243
-0.075 -0.623 0.373 0.140 0.660 -0.240
-0.061 -0.564 0.347 0.121 0.632 -0.235
-0.050 -0.512 0.320 0.105 0.606 -0.228
-0.042 -0.465 0.294 0.092 0.580 -0.220
-0.035 -0.423 0.269 0.080 0.554 -0.211
-0.029 -0.385 0.244 0.070 0.529 -0.202
-0.025 -0.350 0.221 0.061 0.504 -0.193
-0.021 -0.318 0.200 0.053 0.480 -0.183
-0.018 -0.290 0.180 0.046 0.456 -0.173
-0.015 -0.264 0.162 0.039 0.433 -0.163
-0.013 -0.240 0.145 0.034 0.410 -0.153
-0.011 -0.218 0.130 0.029 0.388 -0.144
-0.010 -0.198 0.116 0.024 0.366 -0.135
-0.008 -0.180 0.103 0.020 0.345 -0.126
-0.007 -0.163 0.091 0.017 0.324 -0.117
-0.006 -0.147 0.081 0.014 0.303 -0.108
-0.005 -0.133 0.071 0.011 0.283 -0.100
-0.004 -0.120 0.063 0.009 0.263 -0.092
-0.004 -0.107 0.055 0.007 0.244 -0.084
-0.003 -0.096 0.048 0.005 0.225 -0.077
-0.003 -0.085 0.041 0.004 0.206 -0.070
-0.002 -0.075 0.036 0.003 0.187 -0.063
-0.002 -0.066 0.030 0.002 0.169 -0.056
-0.002 -0.058 0.026 0.001 0.151 -0.050
-0.001 -0.049 0.021 0.001 0.133 -0.043
-0.001 -0.042 0.018 0.000 0.116 -0.037
-0.001 -0.035 0.014 -0.000 0.098 -0.031
-0.001 -0.028 0.011 -0.000 0.081 -0.026
-0.000 -0.021 0.008 -0.000 0.064 -0.020
-0.000 -0.015 0.006 -0.000 0.047 -0.015
-0.000 -0.010 0.003 -0.000 0.030 -0.009
-0.000 -0.004 0.001 -0.000 0.013 -0.004
-0.000 -0.000 0.000 -0.000 0.000 -0.000
0.000 -0.000 0.000 -0.000 0.000 -0.000
-0.000 -0.000 0.000 -0.000 0.000 0.000
