1.00 0.30 0.30 0.29 0.30 0.30 0.30 0.30 0.30 0.30 0.30 0.30 0.30 0.30 0.30 0.30 0.32 0.32 0.32 0.32 0.32 0.32 0.32 0.32 0.32 0.32 0.32 0.32 0.32 0.32 0.32 0.32 0.32 0.32 0.32 0.32 0.32 0.32 0.32 0.32 0.32 0.32 0.30 0.29 0.29 0.29 0.29 0.29 0.29 0.29 0.29
0.30 1.00 0.99 0.96 0.99 0.99 0.99 0.99 0.99 0.99 0.98 0.98 0.98 0.98 0.98 0.98 0.91 0.90 0.90 0.90 0.86 0.86 0.86 0.76 0.75 0.77 0.76 0.72 0.72 0.76 0.71 0.73 0.71 0.63 0.64 0.64 0.63 0.63 0.63 0.63 0.63 0.63 0.60 0.59 0.59 0.59 0.59 0.59 0.59 0.59 0.59
0.30 0.99 1.00 0.97 1.00 1.00 1.00 1.00 1.00 1.00 0.99 0.99 0.99 0.99 0.99 0.99 0.92 0.91 0.91 0.91 0.87 0.87 0.87 0.77 0.76 0.78 0.77 0.73 0.74 0.77 0.73 0.74 0.72 0.64 0.66 0.65 0.64 0.64 0.64 0.64 0.64 0.64 0.62 0.61 0.61 0.61 0.61 0.61 0.61 0.61 0.61
0.29 0.96 0.97 1.00 0.97 0.97 0.97 0.97 0.97 0.97 0.96 0.96 0.96 0.96 0.96 0.96 0.89 0.89 0.89 0.89 0.84 0.84 0.84 0.75 0.74 0.76 0.75 0.71 0.72 0.75 0.71 0.72 0.71 0.63 0.63 0.64 0.63 0.63 0.63 0.63 0.63 0.63 0.60 0.59 0.59 0.59 0.59 0.59 0.59 0.59 0.59
0.30 0.99 1.00 0.97 1.00 1.00 1.00 1.00 1.00 1.00 0.99 0.99 0.99 0.99 0.99 0.99 0.92 0.91 0.91 0.91 0.87 0.87 0.87 0.77 0.76 0.78 0.77 0.73 0.74 0.77 0.73 0.74 0.72 0.64 0.66 0.65 0.64 0.64 0.64 0.64 0.64 0.64 0.62 0.61 0.61 0.61 0.61 0.61 0.61 0.61 0.61
0.30 0.99 1.00 0.97 1.00 1.00 1.00 1.00 1.00 1.00 0.99 0.99 0.99 0.99 0.99 0.99 0.92 0.91 0.91 0.91 0.87 0.87 0.87 0.77 0.76 0.78 0.77 0.73 0.74 0.77 0.73 0.74 0.72 0.64 0.66 0.65 0.64 0.64 0.64 0.64 0.64 0.64 0.62 0.61 0.61 0.61 0.61 0.61 0.61 0.61 0.61
0.30 0.99 1.00 0.97 1.00 1.00 1.00 1.00 1.00 1.00 0.99 0.99 0.99 0.99 0.99 0.99 0.92 0.91 0.91 0.91 0.87 0.87 0.87 0.77 0.76 0.78 0.77 0.73 0.74 0.77 0.73 0.74 0.72 0.64 0.66 0.65 0.64 0.64 0.64 0.64 0.64 0.64 0.62 0.61 0.61 0.61 0.61 0.61 0.61 0.61 0.61
0.30 0.99 1.00 0.97 1.00 1.00 1.00 1.00 1.00 1.00 0.99 0.99 0.99 0.99 0.99 0.99 0.92 0.91 0.91 0.91 0.87 0.87 0.87 0.77 0.76 0.78 0.77 0.73 0.74 0.77 0.73 0.74 0.72 0.64 0.66 0.65 0.64 0.64 0.64 0.64 0.64 0.64 0.62 0.61 0.61 0.61 0.61 0.61 0.61 0.61 0.61
0.30 0.99 1.00 0.97 1.00 1.00 1.00 1.00 1.00 1.00 0.99 0.99 0.99 0.99 0.99 0.99 0.92 0.91 0.91 0.91 0.87 0.87 0.87 0.77 0.76 0.78 0.77 0.73 0.74 0.77 0.73 0.74 0.72 0.64 0.66 0.65 0.64 0.64 0.64 0.64 0.64 0.64 0.62 0.61 0.61 0.61 0.61 0.61 0.61 0.61 0.61
0.30 0.99 1.00 0.97 1.00 1.00 1.00 1.00 1.00 1.00 0.99 0.99 0.99 0.99 0.99 0.99 0.92 0.91 0.91 0.91 0.87 0.87 0.87 0.77 0.76 0.78 0.77 0.73 0.74 0.77 0.73 0.74 0.72 0.64 0.66 0.65 0.64 0.64 0.64 0.64 0.64 0.64 0.62 0.61 0.61 0.61 0.61 0.61 0.61 0.61 0.61
0.30 0.98 0.99 0.96 0.99 0.99 0.99 0.99 0.99 0.99 1.00 1.00 1.00 1.00 1.00 1.00 0.93 0.93 0.93 0.93 0.88 0.88 0.88 0.78 0.77 0.79 0.79 0.74 0.75 0.78 0.74 0.75 0.73 0.65 0.67 0.66 0.65 0.65 0.65 0.65 0.65 0.65 0.62 0.62 0.62 0.62 0.62 0.62 0.62 0.62 0.62
0.30 0.98 0.99 0.96 0.99 0.99 0.99 0.99 0.99 0.99 1.00 1.00 1.00 1.00 1.00 1.00 0.93 0.93 0.93 0.93 0.88 0.88 0.88 0.78 0.77 0.79 0.79 0.74 0.75 0.78 0.74 0.75 0.73 0.65 0.67 0.66 0.65 0.65 0.65 0.65 0.65 0.65 0.62 0.62 0.62 0.62 0.62 0.62 0.62 0.62 0.62
0.30 0.98 0.99 0.96 0.99 0.99 0.99 0.99 0.99 0.99 1.00 1.00 1.00 1.00 1.00 1.00 0.93 0.93 0.93 0.93 0.88 0.88 0.88 0.78 0.77 0.79 0.79 0.74 0.75 0.78 0.74 0.75 0.73 0.65 0.67 0.66 0.65 0.65 0.65 0.65 0.65 0.65 0.62 0.62 0.62 0.62 0.62 0.62 0.62 0.62 0.62
0.30 0.98 0.99 0.96 0.99 0.99 0.99 0.99 0.99 0.99 1.00 1.00 1.00 1.00 1.00 1.00 0.93 0.93 0.93 0.93 0.88 0.88 0.88 0.78 0.77 0.79 0.79 0.74 0.75 0.78 0.74 0.75 0.73 0.65 0.67 0.66 0.65 0.65 0.65 0.65 0.65 0.65 0.62 0.62 0.62 0.62 0.62 0.62 0.62 0.62 0.62
0.30 0.98 0.99 0.96 0.99 0.99 0.99 0.99 0.99 0.99 1.00 1.00 1.00 1.00 1.00 1.00 0.93 0.93 0.93 0.93 0.88 0.88 0.88 0.78 0.77 0.79 0.79 0.74 0.75 0.78 0.74 0.75 0.73 0.65 0.67 0.66 0.65 0.65 0.65 0.65 0.65 0.65 0.62 0.62 0.62 0.62 0.62 0.62 0.62 0.62 0.62
0.30 0.98 0.99 0.96 0.99 0.99 0.99 0.99 0.99 0.99 1.00 1.00 1.00 1.00 1.00 1.00 0.93 0.93 0.93 0.93 0.88 0.88 0.88 0.78 0.77 0.79 0.79 0.74 0.75 0.78 0.74 0.75 0.73 0.65 0.67 0.66 0.65 0.65 0.65 0.65 0.65 0.65 0.62 0.62 0.62 0.62 0.62 0.62 0.62 0.62 0.62
0.32 0.91 0.92 0.89 0.92 0.92 0.92 0.92 0.92 0.92 0.93 0.93 0.93 0.93 0.93 0.93 1.00 1.00 1.00 1.00 0.95 0.95 0.95 0.84 0.83 0.85 0.85 0.80 0.80 0.84 0.79 0.81 0.79 0.70 0.72 0.71 0.70 0.70 0.70 0.70 0.70 0.70 0.67 0.66 0.66 0.66 0.66 0.66 0.66 0.66 0.66
0.32 0.90 0.91 0.89 0.91 0.91 0.91 0.91 0.91 0.91 0.93 0.93 0.93 0.93 0.93 0.93 1.00 1.00 1.00 1.00 0.95 0.95 0.95 0.85 0.83 0.86 0.85 0.80 0.81 0.85 0.79 0.81 0.79 0.71 0.72 0.72 0.70 0.70 0.70 0.70 0.70 0.70 0.67 0.66 0.66 0.66 0.66 0.66 0.66 0.66 0.66
0.32 0.90 0.91 0.89 0.91 0.91 0.91 0.91 0.91 0.91 0.93 0.93 0.93 0.93 0.93 0.93 1.00 1.00 1.00 1.00 0.95 0.95 0.95 0.85 0.83 0.86 0.85 0.80 0.81 0.85 0.79 0.81 0.79 0.71 0.72 0.72 0.70 0.70 0.70 0.70 0.70 0.70 0.67 0.66 0.66 0.66 0.66 0.66 0.66 0.66 0.66
0.32 0.90 0.91 0.89 0.91 0.91 0.91 0.91 0.91 0.91 0.93 0.93 0.93 0.93 0.93 0.93 1.00 1.00 1.00 1.00 0.95 0.95 0.95 0.85 0.83 0.86 0.85 0.80 0.81 0.85 0.79 0.81 0.79 0.71 0.72 0.72 0.70 0.70 0.70 0.70 0.70 0.70 0.67 0.66 0.66 0.66 0.66 0.66 0.66 0.66 0.66
0.32 0.86 0.87 0.84 0.87 0.87 0.87 0.87 0.87 0.87 0.88 0.88 0.88 0.88 0.88 0.88 0.95 0.95 0.95 0.95 1.00 1.00 1.00 0.89 0.87 0.80 0.79 0.84 0.85 0.79 0.83 0.85 0.84 0.74 0.75 0.75 0.74 0.74 0.74 0.74 0.74 0.74 0.71 0.70 0.70 0.70 0.70 0.70 0.70 0.70 0.70
0.32 0.86 0.87 0.84 0.87 0.87 0.87 0.87 0.87 0.87 0.88 0.88 0.88 0.88 0.88 0.88 0.95 0.95 0.95 0.95 1.00 1.00 1.00 0.89 0.87 0.80 0.79 0.84 0.85 0.79 0.83 0.85 0.84 0.74 0.75 0.75 0.74 0.74 0.74 0.74 0.74 0.74 0.71 0.70 0.70 0.70 0.70 0.70 0.70 0.70 0.70
0.32 0.86 0.87 0.84 0.87 0.87 0.87 0.87 0.87 0.87 0.88 0.88 0.88 0.88 0.88 0.88 0.95 0.95 0.95 0.95 1.00 1.00 1.00 0.89 0.87 0.80 0.79 0.84 0.85 0.79 0.83 0.85 0.84 0.74 0.75 0.75 0.74 0.74 0.74 0.74 0.74 0.74 0.71 0.70 0.70 0.70 0.70 0.70 0.70 0.70 0.70
0.32 0.76 0.77 0.75 0.77 0.77 0.77 0.77 0.77 0.77 0.78 0.78 0.78 0.78 0.78 0.78 0.84 0.85 0.85 0.85 0.89 0.89 0.89 1.00 0.98 0.90 0.90 0.95 0.95 0.89 0.93 0.95 0.94 0.83 0.85 0.84 0.83 0.83 0.83 0.83 0.83 0.83 0.79 0.78 0.78 0.78 0.78 0.78 0.78 0.78 0.78
0.32 0.75 0.76 0.74 0.76 0.76 0.76 0.76 0.76 0.76 0.77 0.77 0.77 0.77 0.77 0.77 0.83 0.83 0.83 0.83 0.87 0.87 0.87 0.98 1.00 0.91 0.91 0.96 0.97 0.91 0.95 0.96 0.95 0.85 0.85 0.86 0.84 0.84 0.84 0.84 0.84 0.84 0.81 0.80 0.80 0.80 0.80 0.80 0.80 0.80 0.80
0.32 0.77 0.78 0.76 0.78 0.78 0.78 0.78 0.78 0.78 0.79 0.79 0.79 0.79 0.79 0.79 0.85 0.86 0.86 0.86 0.80 0.80 0.80 0.90 0.91 1.00 0.99 0.94 0.94 0.99 0.93 0.95 0.93 0.82 0.84 0.84 0.82 0.82 0.82 0.82 0.82 0.82 0.79 0.78 0.77 0.77 0.77 0.77 0.77 0.77 0.77
0.32 0.76 0.77 0.75 0.77 0.77 0.77 0.77 0.77 0.77 0.79 0.79 0.79 0.79 0.79 0.79 0.85 0.85 0.85 0.85 0.79 0.79 0.79 0.90 0.91 0.99 1.00 0.94 0.94 0.99 0.92 0.94 0.92 0.82 0.83 0.83 0.82 0.81 0.81 0.81 0.81 0.81 0.78 0.77 0.77 0.77 0.77 0.77 0.77 0.77 0.77
0.32 0.72 0.73 0.71 0.73 0.73 0.73 0.73 0.73 0.73 0.74 0.74 0.74 0.74 0.74 0.74 0.80 0.80 0.80 0.80 0.84 0.84 0.84 0.95 0.96 0.94 0.94 1.00 0.99 0.95 0.98 0.99 0.98 0.87 0.87 0.88 0.86 0.86 0.86 0.86 0.86 0.86 0.83 0.82 0.82 0.82 0.82 0.82 0.82 0.82 0.82
0.32 0.72 0.74 0.72 0.74 0.74 0.74 0.74 0.74 0.74 0.75 0.75 0.75 0.75 0.75 0.75 0.80 0.81 0.81 0.81 0.85 0.85 0.85 0.95 0.97 0.94 0.94 0.99 1.00 0.94 0.98 0.99 0.98 0.87 0.88 0.88 0.87 0.87 0.87 0.87 0.87 0.87 0.83 0.82 0.82 0.82 0.82 0.82 0.82 0.82 0.82
0.32 0.76 0.77 0.75 0.77 0.77 0.77 0.77 0.77 0.77 0.78 0.78 0.78 0.78 0.78 0.78 0.84 0.85 0.85 0.85 0.79 0.79 0.79 0.89 0.91 0.99 0.99 0.95 0.94 1.00 0.93 0.93 0.93 0.82 0.83 0.83 0.82 0.82 0.82 0.82 0.82 0.82 0.78 0.77 0.77 0.77 0.77 0.77 0.77 0.77 0.77
0.32 0.71 0.73 0.71 0.73 0.73 0.73 0.73 0.73 0.73 0.74 0.74 0.74 0.74 0.74 0.74 0.79 0.79 0.79 0.79 0.83 0.83 0.83 0.93 0.95 0.93 0.92 0.98 0.98 0.93 1.00 0.98 1.00 0.89 0.86 0.87 0.88 0.88 0.88 0.88 0.88 0.88 0.85 0.84 0.84 0.84 0.84 0.84 0.84 0.84 0.84
0.32 0.73 0.74 0.72 0.74 0.74 0.74 0.74 0.74 0.74 0.75 0.75 0.75 0.75 0.75 0.75 0.81 0.81 0.81 0.81 0.85 0.85 0.85 0.95 0.96 0.95 0.94 0.99 0.99 0.93 0.98 1.00 0.98 0.87 0.89 0.88 0.87 0.87 0.87 0.87 0.87 0.87 0.83 0.82 0.82 0.82 0.82 0.82 0.82 0.82 0.82
0.32 0.71 0.72 0.71 0.72 0.72 0.72 0.72 0.72 0.72 0.73 0.73 0.73 0.73 0.73 0.73 0.79 0.79 0.79 0.79 0.84 0.84 0.84 0.94 0.95 0.93 0.92 0.98 0.98 0.93 1.00 0.98 1.00 0.89 0.86 0.87 0.88 0.88 0.88 0.88 0.88 0.88 0.85 0.83 0.83 0.83 0.83 0.83 0.83 0.83 0.83
0.32 0.63 0.64 0.63 0.64 0.64 0.64 0.64 0.64 0.64 0.65 0.65 0.65 0.65 0.65 0.65 0.70 0.71 0.71 0.71 0.74 0.74 0.74 0.83 0.85 0.82 0.82 0.87 0.87 0.82 0.89 0.87 0.89 1.00 0.97 0.98 1.00 1.00 1.00 1.00 1.00 1.00 0.95 0.94 0.94 0.94 0.94 0.94 0.94 0.94 0.94
0.32 0.64 0.66 0.63 0.66 0.66 0.66 0.66 0.66 0.66 0.67 0.67 0.67 0.67 0.67 0.67 0.72 0.72 0.72 0.72 0.75 0.75 0.75 0.85 0.85 0.84 0.83 0.87 0.88 0.83 0.86 0.89 0.86 0.97 1.00 0.99 0.98 0.98 0.98 0.98 0.98 0.98 0.94 0.92 0.92 0.92 0.92 0.92 0.92 0.92 0.92
0.32 0.64 0.65 0.64 0.65 0.65 0.65 0.65 0.65 0.65 0.66 0.66 0.66 0.66 0.66 0.66 0.71 0.72 0.72 0.72 0.75 0.75 0.75 0.84 0.86 0.84 0.83 0.88 0.88 0.83 0.87 0.88 0.87 0.98 0.99 1.00 0.98 0.98 0.98 0.98 0.98 0.98 0.94 0.93 0.93 0.93 0.93 0.93 0.93 0.93 0.93
0.32 0.63 0.64 0.63 0.64 0.64 0.64 0.64 0.64 0.64 0.65 0.65 0.65 0.65 0.65 0.65 0.70 0.70 0.70 0.70 0.74 0.74 0.74 0.83 0.84 0.82 0.82 0.86 0.87 0.82 0.88 0.87 0.88 1.00 0.98 0.98 1.00 1.00 1.00 1.00 1.00 1.00 0.96 0.94 0.94 0.94 0.94 0.94 0.94 0.94 0.94
0.32 0.63 0.64 0.63 0.64 0.64 0.64 0.64 0.64 0.64 0.65 0.65 0.65 0.65 0.65 0.65 0.70 0.70 0.70 0.70 0.74 0.74 0.74 0.83 0.84 0.82 0.81 0.86 0.87 0.82 0.88 0.87 0.88 1.00 0.98 0.98 1.00 1.00 1.00 1.00 1.00 1.00 0.96 0.95 0.94 0.94 0.94 0.94 0.94 0.94 0.94
0.32 0.63 0.64 0.63 0.64 0.64 0.64 0.64 0.64 0.64 0.65 0.65 0.65 0.65 0.65 0.65 0.70 0.70 0.70 0.70 0.74 0.74 0.74 0.83 0.84 0.82 0.81 0.86 0.87 0.82 0.88 0.87 0.88 1.00 0.98 0.98 1.00 1.00 1.00 1.00 1.00 1.00 0.96 0.95 0.94 0.94 0.94 0.94 0.94 0.94 0.94
0.32 0.63 0.64 0.63 0.64 0.64 0.64 0.64 0.64 0.64 0.65 0.65 0.65 0.65 0.65 0.65 0.70 0.70 0.70 0.70 0.74 0.74 0.74 0.83 0.84 0.82 0.81 0.86 0.87 0.82 0.88 0.87 0.88 1.00 0.98 0.98 1.00 1.00 1.00 1.00 1.00 1.00 0.96 0.95 0.94 0.94 0.94 0.94 0.94 0.94 0.94
0.32 0.63 0.64 0.63 0.64 0.64 0.64 0.64 0.64 0.64 0.65 0.65 0.65 0.65 0.65 0.65 0.70 0.70 0.70 0.70 0.74 0.74 0.74 0.83 0.84 0.82 0.81 0.86 0.87 0.82 0.88 0.87 0.88 1.00 0.98 0.98 1.00 1.00 1.00 1.00 1.00 1.00 0.96 0.95 0.94 0.94 0.94 0.94 0.94 0.94 0.94
0.32 0.63 0.64 0.63 0.64 0.64 0.64 0.64 0.64 0.64 0.65 0.65 0.65 0.65 0.65 0.65 0.70 0.70 0.70 0.70 0.74 0.74 0.74 0.83 0.84 0.82 0.81 0.86 0.87 0.82 0.88 0.87 0.88 1.00 0.98 0.98 1.00 1.00 1.00 1.00 1.00 1.00 0.96 0.95 0.94 0.94 0.94 0.94 0.94 0.94 0.94
0.30 0.60 0.62 0.60 0.62 0.62 0.62 0.62 0.62 0.62 0.62 0.62 0.62 0.62 0.62 0.62 0.67 0.67 0.67 0.67 0.71 0.71 0.71 0.79 0.81 0.79 0.78 0.83 0.83 0.78 0.85 0.83 0.85 0.95 0.94 0.94 0.96 0.96 0.96 0.96 0.96 0.96 1.00 0.99 0.99 0.99 0.99 0.99 0.99 0.99 0.99
0.29 0.59 0.61 0.59 0.61 0.61 0.61 0.61 0.61 0.61 0.62 0.62 0.62 0.62 0.62 0.62 0.66 0.66 0.66 0.66 0.70 0.70 0.70 0.78 0.80 0.78 0.77 0.82 0.82 0.77 0.84 0.82 0.83 0.94 0.92 0.93 0.94 0.95 0.95 0.95 0.95 0.95 0.99 1.00 1.00 1.00 1.00 1.00 1.00 1.00 1.00
0.29 0.59 0.61 0.59 0.61 0.61 0.61 0.61 0.61 0.61 0.62 0.62 0.62 0.62 0.62 0.62 0.66 0.66 0.66 0.66 0.70 0.70 0.70 0.78 0.80 0.77 0.77 0.82 0.82 0.77 0.84 0.82 0.83 0.94 0.92 0.93 0.94 0.94 0.94 0.94 0.94 0.94 0.99 1.00 1.00 1.00 1.00 1.00 1.00 1.00 1.00
0.29 0.59 0.61 0.59 0.61 0.61 0.61 0.61 0.61 0.61 0.62 0.62 0.62 0.62 0.62 0.62 0.66 0.66 0.66 0.66 0.70 0.70 0.70 0.78 0.80 0.77 0.77 0.82 0.82 0.77 0.84 0.82 0.83 0.94 0.92 0.93 0.94 0.94 0.94 0.94 0.94 0.94 0.99 1.00 1.00 1.00 1.00 1.00 1.00 1.00 1.00
0.29 0.59 0.61 0.59 0.61 0.61 0.61 0.61 0.61 0.61 0.62 0.62 0.62 0.62 0.62 0.62 0.66 0.66 0.66 0.66 0.70 0.70 0.70 0.78 0.80 0.77 0.77 0.82 0.82 0.77 0.84 0.82 0.83 0.94 0.92 0.93 0.94 0.94 0.94 0.94 0.94 0.94 0.99 1.00 1.00 1.00 1.00 1.00 1.00 1.00 1.00
0.29 0.59 0.61 0.59 0.61 0.61 0.61 0.61 0.61 0.61 0.62 0.62 0.62 0.62 0.62 0.62 0.66 0.66 0.66 0.66 0.70 0.70 0.70 0.78 0.80 0.77 0.77 0.82 0.82 0.77 0.84 0.82 0.83 0.94 0.92 0.93 0.94 0.94 0.94 0.94 0.94 0.94 0.99 1.00 1.00 1.00 1.00 1.00 1.00 1.00 1.00
0.29 0.59 0.61 0.59 0.61 0.61 0.61 0.61 0.61 0.61 0.62 0.62 0.62 0.62 0.62 0.62 0.66 0.66 0.66 0.66 0.70 0.70 0.70 0.78 0.80 0.77 0.77 0.82 0.82 0.77 0.84 0.82 0.83 0.94 0.92 0.93 0.94 0.94 0.94 0.94 0.94 0.94 0.99 1.00 1.00 1.00 1.00 1.00 1.00 1.00 1.00
0.29 0.59 0.61 0.59 0.61 0.61 0.61 0.61 0.61 0.61 0.62 0.62 0.62 0.62 0.62 0.62 0.66 0.66 0.66 0.66 0.70 0.70 0.70 0.78 0.80 0.77 0.77 0.82 0.82 0.77 0.84 0.82 0.83 0.94 0.92 0.93 0.94 0.94 0.94 0.94 0.94 0.94 0.99 1.00 1.00 1.00 1.00 1.00 1.00 1.00 1.00
0.29 0.59 0.61 0.59 0.61 0.61 0.61 0.61 0.61 0.61 0.62 0.62 0.62 0.62 0.62 0.62 0.66 0.66 0.66 0.66 0.70 0.70 0.70 0.78 0.80 0.77 0.77 0.82 0.82 0.77 0.84 0.82 0.83 0.94 0.92 0.93 0.94 0.94 0.94 0.94 0.94 0.94 0.99 1.00 1.00 1.00 1.00 1.00 1.00 1.00 1.00
