-0.016 -0.018 0.027 -0.070 -0.001 0.006 -0.009 0.024 0.013 0.003 0.007 -0.016
-0.016 -0.018 0.027 -0.070 -0.001 0.006 -0.009 0.024 0.013 0.003 0.007 -0.016
-0.016 -0.018 0.027 -0.070 -0.001 0.006 -0.009 0.024 0.013 0.003 0.007 -0.016
-0.016 -0.018 0.027 -0.070 -0.001 0.006 -0.009 0.024 0.013 0.003 0.007 -0.016
-0.016 -0.018 0.027 -0.070 -0.001 0.006 -0.009 0.024 0.013 0.003 0.007 -0.016
-0.016 -0.018 0.027 -0.070 -0.001 0.006 -0.009 0.024 0.013 0.003 0.007 -0.016
-0.016 -0.018 0.027 -0.070 -0.001 0.006 -0.009 0.024 0.013 0.003 0.007 -0.016
-0.016 -0.018 0.027 -0.070 -0.001 0.006 -0.009 0.024 0.013 0.003 0.007 -0.016
-0.016 -0.018 0.027 -0.070 -0.001 0.006 -0.009 0.024 0.013 0.003 0.007 -0.016
-0.016 -0.018 0.027 -0.070 -0.001 0.006 -0.009 0.024 0.013 0.003 0.007 -0.016
-0.016 -0.018 0.027 -0.070 -0.001 0.006 -0.009 0.023 0.013 0.003 0.008 -0.016
-0.015 -0.019 0.027 -0.069 -0.001 0.006 -0.008 0.023 0.013 0.003 0.008 -0.015
-0.015 -0.019 0.027 -0.069 -0.001 0.006 -0.008 0.023 0.013 0.003 0.008 -0.015
-0.015 -0.019 0.027 -0.069 -0.001 0.006 -0.008 0.023 0.013 0.003 0.008 -0.015
-0.015 -0.019 0.027 -0.069 -0.001 0.006 -0.008 0.023 0.013 0.003 0.008 -0.015
-0.015 -0.019 0.027 -0.069 -0.001 0.006 -0.008 0.023 0.013 0.003 0.008 -0.015
-0.015 -0.019 0.026 -0.069 -0.001 0.006 -0.008 0.023 0.013 0.003 0.008 -0.015
-0.015 -0.019 0.027 -0.069 -0.001 0.006 -0.008 0.023 0.013 0.003 0.008 -0.015
-0.015 -0.019 0.027 -0.069 -0.001 0.006 -0.008 0.023 0.013 0.003 0.008 -0.015
-0.015 -0.019 0.027 -0.069 -0.001 0.006 -0.008 0.023 0.013 0.003 0.008 -0.015
-0.015 -0.019 0.027 -0.069 -0.001 0.006 -0.008 0.023 0.013 0.003 0.008 -0.015
-0.015 -0.019 0.027 -0.069 -0.001 0.006 -0.008 0.023 0.013 0.003 0.008 -0.015
-0.015 -0.019 0.026 -0.069 -0.001 0.006 -0.008 0.023 0.013 0.003 0.008 -0.015
-0.015 -0.018 0.025 -0.069 -0.001 0.006 -0.009 0.022 0.013 0.003 0.008 -0.015
-0.015 -0.018 0.025 -0.069 -0.001 0.006 -0.009 0.022 0.013 0.003 0.008 -0.015
-0.015 -0.018 0.025 -0.069 -0.001 0.006 -0.009 0.022 0.013 0.003 0.008 -0.015
-0.015 -0.018 0.025 -0.069 -0.001 0.006 -0.008 0.022 0.013 0.003 0.008 -0.015
-0.015 -0.018 0.025 -0.069 -0.001 0.006 -0.008 0.022 0.013 0.003 0.008 -0.015
-0.015 -0.018 0.025 -0.069 -0.001 0.006 -0.009 0.022 0.013 0.003 0.008 -0.015
-0.015 -0.018 0.025 -0.069 -0.001 0.006 -0.008 0.022 0.013 0.003 0.008 -0.015
-0.015 -0.018 0.024 -0.069 -0.001 0.006 -0.008 0.022 0.013 0.003 0.008 -0.015
-0.015 -0.018 0.024 -0.069 -0.001 0.006 -0.008 0.022 0.013 0.003 0.008 -0.015
-0.015 -0.018 0.024 -0.069 -0.001 0.006 -0.008 0.022 0.013 0.003 0.008 -0.015
-0.015 -0.018 0.024 -0.068 -0.001 0.006 -0.008 0.022 0.013 0.003 0.008 -0.015
-0.015 -0.018 0.024 -0.068 -0.001 0.006 -0.008 0.022 0.013 0.003 0.008 -0.015
-0.015 -0.018 0.024 -0.068 -0.001 0.006 -0.008 0.022 0.013 0.003 0.008 -0.015
-0.015 -0.018 0.024 -0.068 -0.001 0.006 -0.008 0.022 0.013 0.003 0.008 -0.015
-0.015 -0.018 0.024 -0.068 -0.001 0.006 -0.008 0.022 0.013 0.003 0.008 -0.015
-0.015 -0.018 0.024 -0.069 -0.001 0.006 -0.008 0.022 0.013 0.003 0.008 -0.015
-0.015 -0.018 0.024 -0.068 -0.001 0.006 -0.008 0.022 0.013 0.003 0.008 -0.015
-0.015 -0.018 0.024 -0.069 -0.001 0.006 -0.008 0.022 0.013 0.003 0.008 -0.015
-0.015 -0.018 0.024 -0.068 -0.001 0.006 -0.008 0.022 0.013 0.003 0.008 -0.015
-0.015 -0.018 0.024 -0.068 -0.001 0.006 -0.008 0.022 0.013 0.003 0.008 -0.015
-0.015 -0.018 0.024 -0.068 -0.001 0.006 -0.008 0.022 0.013 0.003 0.008 -0.015
-0.015 -0.018 0.024 -0.068 -0.001 0.006 -0.008 0.022 0.013 0.003 0.008 -0.015
-0.015 -0.018 0.024 -0.069 -0.001 0.006 -0.008 0.022 0.013 0.003 0.008 -0.015
-0.015 -0.018 0.024 -0.069 -0.001 0.006 -0.008 0.022 0.013 0.003 0.008 -0.015
-0.015 -0.018 0.024 -0.068 -0.001 0.006 -0.008 0.022 0.013 0.003 0.008 -0.015
-0.015 -0.018 0.024 -0.068 -0.001 0.006 -0.008 0.022 0.013 0.003 0.008 -0.015
-0.015 -0.018 0.024 -0.069 -0.001 0.006 -0.008 0.022 0.013 0.003 0.008 -0.015
