0.258 0.216 -0.047 0.359 0.152 0.264 -0.485 0.061 0.285 -0.122 -0.409
0.258 0.215 -0.047 0.359 0.152 0.264 -0.485 0.061 0.285 -0.122 -0.408
0.258 0.215 -0.047 0.359 0.151 0.263 -0.485 0.061 0.284 -0.123 -0.408
0.258 0.215 -0.047 0.359 0.151 0.263 -0.485 0.061 0.284 -0.123 -0.408
0.259 0.216 -0.047 0.355 0.149 0.263 -0.485 0.061 0.282 -0.124 -0.405
0.259 0.216 -0.048 0.354 0.149 0.263 -0.485 0.061 0.282 -0.124 -0.404
0.259 0.217 -0.047 0.352 0.147 0.263 -0.483 0.060 0.281 -0.125 -0.402
0.258 0.218 -0.046 0.352 0.145 0.261 -0.479 0.060 0.280 -0.126 -0.400
0.258 0.219 -0.046 0.352 0.145 0.261 -0.478 0.060 0.280 -0.126 -0.399
0.258 0.219 -0.046 0.352 0.145 0.260 -0.478 0.060 0.280 -0.126 -0.399
0.255 0.214 -0.046 0.340 0.139 0.255 -0.465 0.060 0.272 -0.125 -0.386
0.257 0.213 -0.047 0.339 0.138 0.256 -0.466 0.062 0.271 -0.125 -0.384
0.257 0.213 -0.047 0.339 0.138 0.255 -0.466 0.062 0.271 -0.125 -0.385
0.257 0.214 -0.047 0.338 0.137 0.256 -0.465 0.062 0.272 -0.125 -0.384
0.257 0.213 -0.047 0.338 0.138 0.256 -0.466 0.062 0.271 -0.125 -0.384
0.257 0.213 -0.047 0.339 0.138 0.256 -0.466 0.062 0.271 -0.125 -0.384
0.257 0.214 -0.047 0.338 0.137 0.255 -0.465 0.062 0.272 -0.125 -0.384
0.257 0.216 -0.048 0.331 0.135 0.254 -0.465 0.059 0.272 -0.126 -0.382
0.257 0.216 -0.048 0.331 0.134 0.254 -0.464 0.059 0.272 -0.127 -0.381
0.257 0.216 -0.048 0.331 0.134 0.254 -0.464 0.059 0.272 -0.127 -0.381
0.257 0.216 -0.047 0.332 0.134 0.253 -0.464 0.059 0.272 -0.127 -0.381
0.257 0.216 -0.048 0.331 0.134 0.254 -0.464 0.059 0.272 -0.127 -0.381
0.258 0.216 -0.048 0.331 0.134 0.254 -0.463 0.059 0.272 -0.127 -0.381
0.257 0.216 -0.048 0.331 0.134 0.254 -0.464 0.059 0.272 -0.127 -0.381
0.257 0.216 -0.048 0.331 0.134 0.254 -0.464 0.059 0.272 -0.127 -0.381
0.253 0.213 -0.047 0.326 0.132 0.250 -0.456 0.058 0.268 -0.125 -0.375
0.254 0.213 -0.047 0.326 0.132 0.250 -0.456 0.058 0.268 -0.125 -0.375
0.253 0.213 -0.047 0.326 0.132 0.250 -0.456 0.058 0.268 -0.125 -0.375
0.253 0.213 -0.047 0.325 0.132 0.250 -0.456 0.058 0.268 -0.125 -0.375
0.253 0.212 -0.047 0.326 0.132 0.250 -0.456 0.058 0.268 -0.125 -0.375
0.253 0.213 -0.047 0.326 0.132 0.250 -0.456 0.058 0.268 -0.125 -0.375
0.254 0.213 -0.047 0.325 0.132 0.250 -0.456 0.058 0.268 -0.125 -0.375
0.255 0.213 -0.047 0.323 0.130 0.249 -0.456 0.059 0.267 -0.126 -0.373
0.253 0.210 -0.047 0.318 0.128 0.247 -0.451 0.058 0.264 -0.125 -0.367
0.253 0.210 -0.047 0.318 0.128 0.246 -0.451 0.058 0.264 -0.125 -0.367
0.252 0.211 -0.047 0.320 0.128 0.246 -0.448 0.058 0.264 -0.126 -0.367
0.252 0.211 -0.046 0.320 0.128 0.246 -0.448 0.058 0.264 -0.126 -0.367
0.251 0.211 -0.046 0.322 0.128 0.245 -0.445 0.057 0.264 -0.127 -0.368
0.251 0.213 -0.046 0.321 0.127 0.244 -0.446 0.057 0.265 -0.127 -0.367
0.251 0.213 -0.046 0.320 0.127 0.244 -0.446 0.057 0.264 -0.127 -0.366
