-0.282 0.101 0.072 -0.050 -0.184 -0.013 0.094 -1.508 0.039 0.061 0.036 0.229
-0.279 0.100 0.071 -0.050 -0.182 -0.013 0.093 -1.500 0.039 0.060 0.036 0.229
-0.276 0.100 0.071 -0.050 -0.181 -0.014 0.093 -1.491 0.039 0.060 0.036 0.229
-0.273 0.099 0.071 -0.050 -0.179 -0.015 0.093 -1.482 0.039 0.060 0.036 0.229
-0.270 0.099 0.071 -0.050 -0.178 -0.016 0.092 -1.474 0.040 0.059 0.036 0.229
-0.267 0.098 0.070 -0.050 -0.176 -0.016 0.092 -1.465 0.040 0.059 0.035 0.229
-0.264 0.098 0.070 -0.050 -0.174 -0.017 0.092 -1.457 0.040 0.059 0.035 0.229
-0.261 0.098 0.070 -0.050 -0.173 -0.018 0.091 -1.448 0.041 0.058 0.035 0.229
-0.258 0.097 0.070 -0.050 -0.171 -0.018 0.091 -1.440 0.041 0.058 0.035 0.229
-0.255 0.097 0.069 -0.050 -0.170 -0.019 0.091 -1.432 0.041 0.058 0.035 0.229
-0.252 0.096 0.069 -0.050 -0.168 -0.020 0.090 -1.423 0.042 0.057 0.035 0.229
-0.249 0.096 0.069 -0.049 -0.167 -0.020 0.090 -1.415 0.042 0.057 0.035 0.229
-0.246 0.095 0.069 -0.049 -0.165 -0.021 0.089 -1.407 0.042 0.057 0.035 0.229
-0.243 0.095 0.068 -0.049 -0.164 -0.021 0.089 -1.399 0.042 0.056 0.035 0.229
-0.240 0.095 0.068 -0.049 -0.163 -0.022 0.089 -1.391 0.043 0.056 0.035 0.229
-0.238 0.094 0.068 -0.049 -0.161 -0.023 0.088 -1.384 0.043 0.056 0.035 0.229
-0.235 0.094 0.068 -0.049 -0.160 -0.023 0.088 -1.376 0.043 0.056 0.035 0.229
-0.232 0.093 0.067 -0.049 -0.158 -0.024 0.088 -1.368 0.043 0.055 0.035 0.229
-0.230 0.093 0.067 -0.049 -0.157 -0.024 0.087 -1.360 0.044 0.055 0.035 0.229
-0.227 0.092 0.067 -0.049 -0.156 -0.025 0.087 -1.353 0.044 0.055 0.035 0.229
-0.224 0.092 0.067 -0.049 -0.154 -0.025 0.087 -1.345 0.044 0.054 0.035 0.229
-0.222 0.092 0.066 -0.049 -0.153 -0.026 0.087 -1.338 0.044 0.054 0.035 0.228
-0.219 0.091 0.066 -0.049 -0.152 -0.027 0.086 -1.330 0.045 0.054 0.035 0.228
-0.216 0.091 0.066 -0.049 -0.150 -0.027 0.086 -1.323 0.045 0.054 0.035 0.228
-0.214 0.090 0.066 -0.049 -0.149 -0.028 0.086 -1.315 0.045 0.053 0.035 0.228
-0.211 0.090 0.065 -0.049 -0.148 -0.028 0.085 -1.308 0.045 0.053 0.035 0.228
-0.209 0.090 0.065 -0.049 -0.146 -0.029 0.085 -1.301 0.046 0.053 0.035 0.228
-0.206 0.089 0.065 -0.049 -0.145 -0.029 0.085 -1.294 0.046 0.053 0.035 0.228
-0.204 0.089 0.065 -0.049 -0.144 -0.030 0.084 -1.286 0.046 0.052 0.035 0.227
-0.202 0.089 0.065 -0.049 -0.143 -0.030 0.084 -1.279 0.046 0.052 0.035 0.227
-0.199 0.088 0.064 -0.049 -0.141 -0.031 0.084 -1.272 0.046 0.052 0.034 0.227
-0.197 0.088 0.064 -0.049 -0.140 -0.031 0.083 -1.265 0.047 0.052 0.034 0.227
-0.194 0.087 0.064 -0.048 -0.139 -0.032 0.083 -1.258 0.047 0.051 0.034 0.227
-0.192 0.087 0.064 -0.048 -0.138 -0.032 0.083 -1.251 0.047 0.051 0.034 0.226
-0.190 0.087 0.063 -0.048 -0.137 -0.033 0.082 -1.245 0.047 0.051 0.034 0.226
-0.188 0.086 0.063 -0.048 -0.135 -0.033 0.082 -1.238 0.047 0.051 0.034 0.226
-0.185 0.086 0.063 -0.048 -0.134 -0.034 0.082 -1.231 0.048 0.050 0.034 0.226
-0.183 0.086 0.063 -0.048 -0.133 -0.034 0.082 -1.224 0.048 0.050 0.034 0.226
-0.181 0.085 0.062 -0.048 -0.132 -0.034 0.081 -1.218 0.048 0.050 0.034 0.225
-0.179 0.085 0.062 -0.048 -0.131 -0.035 0.081 -1.211 0.048 0.050 0.034 0.225
-0.177 0.085 0.062 -0.048 -0.130 -0.035 0.081 -1.205 0.048 0.049 0.034 0.225
-0.174 0.084 0.062 -0.048 -0.129 -0.036 0.080 -1.198 0.049 0.049 0.034 0.225
-0.172 0.084 0.061 -0.048 -0.127 -0.036 0.080 -1.192 0.049 0.049 0.034 0.224
-0.170 0.084 0.061 -0.048 -0.126 -0.037 0.080 -1.185 0.049 0.049 0.034 0.224
-0.168 0.083 0.061 -0.048 -0.125 -0.037 0.080 -1.179 0.049 0.049 0.034 0.224
-0.166 0.083 0.061 -0.047 -0.124 -0.037 0.079 -1.172 0.049 0.048 0.034 0.224
-0.164 0.083 0.060 -0.047 -0.123 -0.038 0.079 -1.166 0.049 0.048 0.034 0.223
-0.162 0.082 0.060 -0.047 -0.122 -0.038 0.079 -1.160 0.050 0.048 0.034 0.223
-0.160 0.082 0.060 -0.047 -0.121 -0.039 0.078 -1.154 0.050 0.048 0.034 0.223
-0.158 0.082 0.060 -0.047 -0.120 -0.039 0.078 -1.147 0.050 0.048 0.034 0.223
