1.00 0.33 0.33 0.33 0.33 0.33 0.33 0.33 0.33 0.33 0.33 0.33 0.33 0.33 0.33 0.32 0.32 0.32 0.32 0.32 0.32 0.32 0.30 0.30 0.30 0.30 0.30 0.30 0.30 0.30 0.30 0.30 0.30 0.30 0.30 0.30 0.30 0.29 0.28 0.29 0.29
0.33 1.00 0.97 0.97 0.97 0.94 0.94 0.92 0.78 0.77 0.78 0.78 0.78 0.78 0.68 0.67 0.67 0.67 0.67 0.66 0.66 0.66 0.63 0.63 0.63 0.63 0.62 0.62 0.62 0.62 0.62 0.62 0.62 0.62 0.62 0.62 0.62 0.59 0.60 0.60 0.57
0.33 0.97 1.00 1.00 1.00 0.97 0.97 0.95 0.81 0.80 0.79 0.79 0.78 0.78 0.69 0.68 0.68 0.68 0.68 0.67 0.67 0.67 0.64 0.64 0.64 0.64 0.64 0.64 0.63 0.63 0.63 0.63 0.63 0.63 0.63 0.63 0.63 0.61 0.62 0.62 0.58
0.33 0.97 1.00 1.00 1.00 0.97 0.97 0.95 0.81 0.80 0.79 0.79 0.78 0.78 0.69 0.68 0.68 0.68 0.68 0.67 0.67 0.67 0.64 0.64 0.64 0.64 0.64 0.64 0.63 0.63 0.63 0.63 0.63 0.63 0.63 0.63 0.63 0.61 0.62 0.62 0.58
0.33 0.97 1.00 1.00 1.00 0.97 0.97 0.95 0.81 0.80 0.79 0.79 0.79 0.79 0.69 0.68 0.68 0.68 0.68 0.67 0.67 0.67 0.64 0.64 0.64 0.64 0.64 0.64 0.64 0.64 0.64 0.64 0.64 0.64 0.64 0.64 0.63 0.61 0.62 0.62 0.58
0.33 0.94 0.97 0.97 0.97 1.00 1.00 0.98 0.83 0.82 0.81 0.81 0.81 0.81 0.71 0.70 0.70 0.70 0.70 0.69 0.69 0.69 0.66 0.66 0.66 0.66 0.66 0.66 0.66 0.66 0.66 0.66 0.66 0.66 0.66 0.66 0.65 0.63 0.64 0.64 0.60
0.33 0.94 0.97 0.97 0.97 1.00 1.00 0.98 0.83 0.82 0.81 0.81 0.81 0.81 0.71 0.70 0.70 0.70 0.70 0.69 0.69 0.69 0.66 0.66 0.66 0.66 0.66 0.66 0.66 0.66 0.66 0.66 0.66 0.66 0.66 0.66 0.65 0.63 0.64 0.64 0.60
0.33 0.92 0.95 0.95 0.95 0.98 0.98 1.00 0.86 0.85 0.84 0.84 0.84 0.84 0.74 0.73 0.73 0.73 0.73 0.72 0.72 0.72 0.69 0.69 0.69 0.69 0.69 0.69 0.69 0.69 0.69 0.69 0.69 0.69 0.69 0.69 0.69 0.66 0.67 0.67 0.63
0.33 0.78 0.81 0.81 0.81 0.83 0.83 0.86 1.00 0.99 0.98 0.97 0.97 0.97 0.87 0.85 0.85 0.85 0.85 0.85 0.84 0.84 0.81 0.81 0.81 0.81 0.81 0.81 0.81 0.81 0.81 0.81 0.81 0.81 0.81 0.81 0.80 0.77 0.79 0.79 0.75
0.33 0.77 0.80 0.80 0.80 0.82 0.82 0.85 0.99 1.00 0.99 0.98 0.98 0.98 0.88 0.86 0.86 0.86 0.86 0.85 0.85 0.85 0.82 0.82 0.82 0.82 0.82 0.81 0.81 0.81 0.81 0.81 0.81 0.81 0.81 0.81 0.81 0.78 0.80 0.80 0.76
0.33 0.78 0.79 0.79 0.79 0.81 0.81 0.84 0.98 0.99 1.00 1.00 1.00 1.00 0.89 0.88 0.88 0.88 0.88 0.87 0.86 0.86 0.83 0.83 0.83 0.83 0.83 0.83 0.83 0.83 0.83 0.83 0.83 0.83 0.83 0.83 0.82 0.79 0.81 0.81 0.77
0.33 0.78 0.79 0.79 0.79 0.81 0.81 0.84 0.97 0.98 1.00 1.00 1.00 1.00 0.89 0.88 0.88 0.88 0.88 0.87 0.87 0.87 0.83 0.83 0.83 0.83 0.83 0.83 0.83 0.83 0.83 0.83 0.83 0.83 0.83 0.83 0.83 0.80 0.81 0.81 0.77
0.33 0.78 0.78 0.78 0.79 0.81 0.81 0.84 0.97 0.98 1.00 1.00 1.00 1.00 0.89 0.88 0.88 0.88 0.88 0.87 0.87 0.87 0.83 0.83 0.83 0.83 0.83 0.83 0.83 0.83 0.83 0.83 0.83 0.83 0.83 0.83 0.83 0.80 0.81 0.81 0.78
0.33 0.78 0.78 0.78 0.79 0.81 0.81 0.84 0.97 0.98 1.00 1.00 1.00 1.00 0.89 0.88 0.88 0.88 0.88 0.87 0.87 0.87 0.83 0.83 0.83 0.83 0.83 0.83 0.83 0.83 0.83 0.83 0.83 0.83 0.83 0.83 0.83 0.80 0.81 0.81 0.78
0.33 0.68 0.69 0.69 0.69 0.71 0.71 0.74 0.87 0.88 0.89 0.89 0.89 0.89 1.00 0.99 0.99 0.99 0.99 0.98 0.97 0.97 0.94 0.94 0.94 0.94 0.93 0.93 0.93 0.93 0.93 0.93 0.93 0.93 0.93 0.93 0.93 0.90 0.86 0.86 0.83
0.32 0.67 0.68 0.68 0.68 0.70 0.70 0.73 0.85 0.86 0.88 0.88 0.88 0.88 0.99 1.00 1.00 1.00 1.00 0.99 0.99 0.99 0.95 0.95 0.95 0.95 0.95 0.95 0.95 0.95 0.95 0.95 0.95 0.95 0.95 0.95 0.94 0.91 0.87 0.87 0.84
0.32 0.67 0.68 0.68 0.68 0.70 0.70 0.73 0.85 0.86 0.88 0.88 0.88 0.88 0.99 1.00 1.00 1.00 1.00 0.99 0.99 0.99 0.95 0.95 0.95 0.95 0.95 0.95 0.95 0.95 0.95 0.95 0.95 0.95 0.95 0.95 0.94 0.91 0.87 0.87 0.84
0.32 0.67 0.68 0.68 0.68 0.70 0.70 0.73 0.85 0.86 0.88 0.88 0.88 0.88 0.99 1.00 1.00 1.00 1.00 0.99 0.99 0.99 0.95 0.95 0.95 0.95 0.95 0.95 0.95 0.95 0.95 0.95 0.95 0.95 0.95 0.95 0.94 0.91 0.87 0.87 0.84
0.32 0.67 0.68 0.68 0.68 0.70 0.70 0.73 0.85 0.86 0.88 0.88 0.88 0.88 0.99 1.00 1.00 1.00 1.00 0.99 0.99 0.99 0.95 0.95 0.95 0.95 0.95 0.95 0.95 0.95 0.95 0.95 0.95 0.95 0.95 0.95 0.94 0.91 0.87 0.87 0.84
0.32 0.66 0.67 0.67 0.67 0.69 0.69 0.72 0.85 0.85 0.87 0.87 0.87 0.87 0.98 0.99 0.99 0.99 0.99 1.00 1.00 1.00 0.96 0.96 0.96 0.96 0.96 0.96 0.95 0.95 0.95 0.95 0.95 0.95 0.95 0.95 0.95 0.92 0.88 0.88 0.85
0.32 0.66 0.67 0.67 0.67 0.69 0.69 0.72 0.84 0.85 0.86 0.87 0.87 0.87 0.97 0.99 0.99 0.99 0.99 1.00 1.00 1.00 0.96 0.96 0.96 0.96 0.96 0.96 0.96 0.96 0.96 0.96 0.96 0.96 0.96 0.96 0.96 0.92 0.88 0.88 0.85
0.32 0.66 0.67 0.67 0.67 0.69 0.69 0.72 0.84 0.85 0.86 0.87 0.87 0.87 0.97 0.99 0.99 0.99 0.99 1.00 1.00 1.00 0.96 0.96 0.96 0.96 0.96 0.96 0.96 0.96 0.96 0.96 0.96 0.96 0.96 0.96 0.96 0.92 0.88 0.88 0.85
0.30 0.63 0.64 0.64 0.64 0.66 0.66 0.69 0.81 0.82 0.83 0.83 0.83 0.83 0.94 0.95 0.95 0.95 0.95 0.96 0.96 0.96 1.00 1.00 1.00 1.00 1.00 0.99 0.99 0.99 0.99 0.99 0.99 0.99 0.99 0.99 0.99 0.96 0.92 0.92 0.89
0.30 0.63 0.64 0.64 0.64 0.66 0.66 0.69 0.81 0.82 0.83 0.83 0.83 0.83 0.94 0.95 0.95 0.95 0.95 0.96 0.96 0.96 1.00 1.00 1.00 1.00 1.00 1.00 0.99 0.99 0.99 0.99 0.99 0.99 0.99 0.99 0.99 0.96 0.92 0.92 0.89
0.30 0.63 0.64 0.64 0.64 0.66 0.66 0.69 0.81 0.82 0.83 0.83 0.83 0.83 0.94 0.95 0.95 0.95 0.95 0.96 0.96 0.96 1.00 1.00 1.00 1.00 1.00 1.00 0.99 0.99 0.99 0.99 0.99 0.99 0.99 0.99 0.99 0.96 0.92 0.92 0.89
0.30 0.63 0.64 0.64 0.64 0.66 0.66 0.69 0.81 0.82 0.83 0.83 0.83 0.83 0.94 0.95 0.95 0.95 0.95 0.96 0.96 0.96 1.00 1.00 1.00 1.00 1.00 1.00 0.99 0.99 0.99 0.99 0.99 0.99 0.99 0.99 0.99 0.96 0.92 0.92 0.89
0.30 0.62 0.64 0.64 0.64 0.66 0.66 0.69 0.81 0.82 0.83 0.83 0.83 0.83 0.93 0.95 0.95 0.95 0.95 0.96 0.96 0.96 1.00 1.00 1.00 1.00 1.00 1.00 1.00 1.00 1.00 1.00 1.00 1.00 1.00 1.00 1.00 0.96 0.92 0.92 0.88
0.30 0.62 0.64 0.64 0.64 0.66 0.66 0.69 0.81 0.81 0.83 0.83 0.83 0.83 0.93 0.95 0.95 0.95 0.95 0.96 0.96 0.96 0.99 1.00 1.00 1.00 1.00 1.00 1.00 1.00 1.00 1.00 1.00 1.00 1.00 1.00 1.00 0.96 0.92 0.92 0.89
0.30 0.62 0.63 0.63 0.64 0.66 0.66 0.69 0.81 0.81 0.83 0.83 0.83 0.83 0.93 0.95 0.95 0.95 0.95 0.95 0.96 0.96 0.99 0.99 0.99 0.99 1.00 1.00 1.00 1.00 1.00 1.00 1.00 1.00 1.00 1.00 1.00 0.96 0.93 0.92 0.89
0.30 0.62 0.63 0.63 0.64 0.66 0.66 0.69 0.81 0.81 0.83 0.83 0.83 0.83 0.93 0.95 0.95 0.95 0.95 0.95 0.96 0.96 0.99 0.99 0.99 0.99 1.00 1.00 1.00 1.00 1.00 1.00 1.00 1.00 1.00 1.00 1.00 0.96 0.93 0.92 0.89
0.30 0.62 0.63 0.63 0.64 0.66 0.66 0.69 0.81 0.81 0.83 0.83 0.83 0.83 0.93 0.95 0.95 0.95 0.95 0.95 0.96 0.96 0.99 0.99 0.99 0.99 1.00 1.00 1.00 1.00 1.00 1.00 1.00 1.00 1.00 1.00 1.00 0.96 0.93 0.92 0.89
0.30 0.62 0.63 0.63 0.64 0.66 0.66 0.69 0.81 0.81 0.83 0.83 0.83 0.83 0.93 0.95 0.95 0.95 0.95 0.95 0.96 0.96 0.99 0.99 0.99 0.99 1.00 1.00 1.00 1.00 1.00 1.00 1.00 1.00 1.00 1.00 1.00 0.96 0.93 0.92 0.89
0.30 0.62 0.63 0.63 0.64 0.66 0.66 0.69 0.81 0.81 0.83 0.83 0.83 0.83 0.93 0.95 0.95 0.95 0.95 0.95 0.96 0.96 0.99 0.99 0.99 0.99 1.00 1.00 1.00 1.00 1.00 1.00 1.00 1.00 1.00 1.00 1.00 0.96 0.93 0.92 0.89
0.30 0.62 0.63 0.63 0.64 0.66 0.66 0.69 0.81 0.81 0.83 0.83 0.83 0.83 0.93 0.95 0.95 0.95 0.95 0.95 0.96 0.96 0.99 0.99 0.99 0.99 1.00 1.00 1.00 1.00 1.00 1.00 1.00 1.00 1.00 1.00 1.00 0.96 0.93 0.92 0.89
0.30 0.62 0.63 0.63 0.64 0.66 0.66 0.69 0.81 0.81 0.83 0.83 0.83 0.83 0.93 0.95 0.95 0.95 0.95 0.95 0.96 0.96 0.99 0.99 0.99 0.99 1.00 1.00 1.00 1.00 1.00 1.00 1.00 1.00 1.00 1.00 1.00 0.96 0.93 0.92 0.89
0.30 0.62 0.63 0.63 0.64 0.66 0.66 0.69 0.81 0.81 0.83 0.83 0.83 0.83 0.93 0.95 0.95 0.95 0.95 0.95 0.96 0.96 0.99 0.99 0.99 0.99 1.00 1.00 1.00 1.00 1.00 1.00 1.00 1.00 1.00 1.00 1.00 0.96 0.93 0.92 0.89
0.30 0.62 0.63 0.63 0.63 0.65 0.65 0.69 0.80 0.81 0.82 0.83 0.83 0.83 0.93 0.94 0.94 0.94 0.94 0.95 0.96 0.96 0.99 0.99 0.99 0.99 1.00 1.00 1.00 1.00 1.00 1.00 1.00 1.00 1.00 1.00 1.00 0.97 0.93 0.92 0.89
0.29 0.59 0.61 0.61 0.61 0.63 0.63 0.66 0.77 0.78 0.79 0.80 0.80 0.80 0.90 0.91 0.91 0.91 0.91 0.92 0.92 0.92 0.96 0.96 0.96 0.96 0.96 0.96 0.96 0.96 0.96 0.96 0.96 0.96 0.96 0.96 0.97 1.00 0.96 0.95 0.92
0.28 0.60 0.62 0.62 0.62 0.64 0.64 0.67 0.79 0.80 0.81 0.81 0.81 0.81 0.86 0.87 0.87 0.87 0.87 0.88 0.88 0.88 0.92 0.92 0.92 0.92 0.92 0.92 0.93 0.93 0.93 0.93 0.93 0.93 0.93 0.93 0.93 0.96 1.00 0.99 0.96
0.29 0.60 0.62 0.62 0.62 0.64 0.64 0.67 0.79 0.80 0.81 0.81 0.81 0.81 0.86 0.87 0.87 0.87 0.87 0.88 0.88 0.88 0.92 0.92 0.92 0.92 0.92 0.92 0.92 0.92 0.92 0.92 0.92 0.92 0.92 0.92 0.92 0.95 0.99 1.00 0.97
0.29 0.57 0.58 0.58 0.58 0.60 0.60 0.63 0.75 0.76 0.77 0.77 0.78 0.78 0.83 0.84 0.84 0.84 0.84 0.85 0.85 0.85 0.89 0.89 0.89 0.89 0.88 0.89 0.89 0.89 0.89 0.89 0.89 0.89 0.89 0.89 0.89 0.92 0.96 0.97 1.00
